<?xml version="1.0" encoding="UTF-8"?>
<!-- Generated by org.testng.reporters.JUnitReportReporter -->
<testsuite hostname="DESKTOP-2DC4B1N" failures="0" tests="2" name="testing.UdaanTest" time="0.015" errors="0" timestamp="18 Jul 2022 11:07:18 GMT">
  <testcase classname="testing.UdaanTest" name="Hathi" time="0.013"/>
  <testcase classname="testing.UdaanTest" name="khathi" time="0.002"/>
</testsuite> <!-- testing.UdaanTest -->
