<?xml version="1.0" encoding="UTF-8"?>
<!-- Generated by org.testng.reporters.JUnitReportReporter -->
<testsuite hostname="DESKTOP-2DC4B1N" failures="0" tests="2" name="testing.FruitTest" time="0.014" errors="0" timestamp="18 Jul 2022 14:45:40 GMT">
  <testcase classname="testing.FruitTest" name="apple" time="0.012"/>
  <testcase classname="testing.FruitTest" name="mango" time="0.002"/>
</testsuite> <!-- testing.FruitTest -->
