<?xml version="1.0" encoding="UTF-8"?>
<!-- Generated by org.testng.reporters.JUnitReportReporter -->
<testsuite hostname="DESKTOP-2DC4B1N" failures="0" tests="2" name="testing.VeggiTest" time="0.012" errors="0" timestamp="18 Jul 2022 15:58:05 GMT">
  <testcase classname="testing.VeggiTest" name="Tarkari" time="0.010"/>
  <testcase classname="testing.VeggiTest" name="Vegetables" time="0.002"/>
</testsuite> <!-- testing.VeggiTest -->
