<?xml version="1.0" encoding="UTF-8"?>
<!-- Generated by org.testng.reporters.JUnitReportReporter -->
<testsuite hostname="DESKTOP-2DC4B1N" failures="0" tests="2" name="testing.ApplicationsTest" time="0.012" errors="0" timestamp="19 Jul 2022 09:08:14 GMT">
  <testcase classname="testing.ApplicationsTest" name="instagramTest" time="0.010"/>
  <testcase classname="testing.ApplicationsTest" name="watsTest" time="0.002"/>
</testsuite> <!-- testing.ApplicationsTest -->
